TN:
SF:controllers\admin\banContoller.js
FN:2,banUser
FN:26,banRestaurant
FN:49,banDriver
FN:72,unBanUser
FN:96,unBanDriver
FN:119,unBanRestaurant
FNF:6
FNH:6
FNDA:4,banUser
FNDA:4,banRestaurant
FNDA:4,banDriver
FNDA:4,unBanUser
FNDA:4,unBanDriver
FNDA:4,unBanRestaurant
DA:1,1
DA:2,1
DA:3,4
DA:4,4
DA:5,4
DA:6,4
DA:7,1
DA:8,1
DA:9,1
DA:10,3
DA:11,3
DA:12,0
DA:13,0
DA:14,0
DA:15,0
DA:16,0
DA:17,0
DA:18,0
DA:19,4
DA:20,3
DA:21,3
DA:22,3
DA:23,4
DA:24,1
DA:25,1
DA:26,1
DA:27,4
DA:28,4
DA:29,4
DA:30,4
DA:31,1
DA:32,1
DA:33,1
DA:34,3
DA:35,3
DA:36,0
DA:37,0
DA:38,0
DA:39,0
DA:40,0
DA:41,0
DA:42,4
DA:43,3
DA:44,3
DA:45,3
DA:46,4
DA:47,1
DA:48,1
DA:49,1
DA:50,4
DA:51,4
DA:52,4
DA:53,4
DA:54,1
DA:55,1
DA:56,1
DA:57,3
DA:58,3
DA:59,0
DA:60,0
DA:61,0
DA:62,0
DA:63,0
DA:64,0
DA:65,4
DA:66,3
DA:67,3
DA:68,3
DA:69,4
DA:70,1
DA:71,1
DA:72,1
DA:73,4
DA:74,4
DA:75,4
DA:76,4
DA:77,1
DA:78,1
DA:79,1
DA:80,3
DA:81,3
DA:82,0
DA:83,0
DA:84,0
DA:85,0
DA:86,0
DA:87,0
DA:88,0
DA:89,4
DA:90,3
DA:91,3
DA:92,3
DA:93,4
DA:94,1
DA:95,1
DA:96,1
DA:97,4
DA:98,4
DA:99,4
DA:100,4
DA:101,1
DA:102,1
DA:103,1
DA:104,3
DA:105,3
DA:106,0
DA:107,0
DA:108,0
DA:109,0
DA:110,0
DA:111,0
DA:112,4
DA:113,3
DA:114,3
DA:115,3
DA:116,4
DA:117,1
DA:118,1
DA:119,1
DA:120,4
DA:121,4
DA:122,4
DA:123,4
DA:124,1
DA:125,1
DA:126,1
DA:127,3
DA:128,3
DA:129,0
DA:130,0
DA:131,0
DA:132,0
DA:133,0
DA:134,0
DA:135,4
DA:136,3
DA:137,3
DA:138,3
DA:139,4
DA:140,1
DA:141,1
DA:142,1
DA:143,1
DA:144,1
DA:145,1
DA:146,1
DA:147,1
DA:148,1
LF:148
LH:110
BRDA:2,0,0,4
BRDA:6,1,0,1
BRDA:9,2,0,3
BRDA:11,3,0,0
BRDA:19,4,0,3
BRDA:26,5,0,4
BRDA:30,6,0,1
BRDA:33,7,0,3
BRDA:36,8,0,0
BRDA:42,9,0,3
BRDA:49,10,0,4
BRDA:53,11,0,1
BRDA:56,12,0,3
BRDA:59,13,0,0
BRDA:65,14,0,3
BRDA:72,15,0,4
BRDA:76,16,0,1
BRDA:79,17,0,3
BRDA:81,18,0,0
BRDA:89,19,0,3
BRDA:96,20,0,4
BRDA:100,21,0,1
BRDA:103,22,0,3
BRDA:106,23,0,0
BRDA:112,24,0,3
BRDA:119,25,0,4
BRDA:123,26,0,1
BRDA:126,27,0,3
BRDA:129,28,0,0
BRDA:135,29,0,3
BRF:30
BRH:24
end_of_record
TN:
SF:models\Driver.js
FN:40,Object.<anonymous>.DriverSchema.statics.driverExists
FN:47,Object.<anonymous>.DriverSchema.statics.createDriver
FN:57,Object.<anonymous>.DriverSchema.methods.isPasswordMatch
FN:62,Object.<anonymous>.DriverSchema.statics.findByEmailOrPhone
FN:72,Object.<anonymous>.DriverSchema.methods.updateRating
FNF:5
FNH:0
FNDA:0,Object.<anonymous>.DriverSchema.statics.driverExists
FNDA:0,Object.<anonymous>.DriverSchema.statics.createDriver
FNDA:0,Object.<anonymous>.DriverSchema.methods.isPasswordMatch
FNDA:0,Object.<anonymous>.DriverSchema.statics.findByEmailOrPhone
FNDA:0,Object.<anonymous>.DriverSchema.methods.updateRating
DA:1,1
DA:2,1
DA:3,1
DA:4,1
DA:5,1
DA:6,1
DA:7,1
DA:8,1
DA:9,1
DA:10,1
DA:11,1
DA:12,1
DA:13,1
DA:14,1
DA:15,1
DA:16,1
DA:17,1
DA:18,1
DA:19,1
DA:20,1
DA:21,1
DA:22,1
DA:23,1
DA:24,1
DA:25,1
DA:26,1
DA:27,1
DA:28,1
DA:29,1
DA:30,1
DA:31,1
DA:32,1
DA:33,1
DA:34,1
DA:35,1
DA:36,1
DA:37,1
DA:38,1
DA:39,1
DA:40,1
DA:41,0
DA:42,0
DA:43,0
DA:44,0
DA:45,1
DA:46,1
DA:47,1
DA:48,0
DA:49,0
DA:50,0
DA:51,0
DA:52,0
DA:53,0
DA:54,0
DA:55,1
DA:56,1
DA:57,1
DA:58,0
DA:59,0
DA:60,1
DA:61,1
DA:62,1
DA:63,0
DA:64,0
DA:65,0
DA:66,0
DA:67,0
DA:68,0
DA:69,1
DA:70,1
DA:71,1
DA:72,1
DA:73,0
DA:74,0
DA:75,0
DA:76,0
DA:77,0
DA:78,0
DA:79,0
DA:80,0
DA:81,0
DA:82,0
DA:83,0
DA:84,0
DA:85,0
DA:86,1
DA:87,1
DA:88,1
DA:89,1
DA:90,1
LF:90
LH:58
BRF:0
BRH:0
end_of_record
TN:
SF:models\Restaurant.js
FN:51,validator
FN:82,Object.<anonymous>.restaurantSchema.statics.restaurantExists
FN:86,Object.<anonymous>.restaurantSchema.statics.createRestaurant
FN:98,Object.<anonymous>.restaurantSchema.statics.findByEmailOrPhone
FN:104,Object.<anonymous>.restaurantSchema.methods.isPasswordMatch
FN:110,Object.<anonymous>.restaurantSchema.methods.updateRating
FNF:6
FNH:0
FNDA:0,validator
FNDA:0,Object.<anonymous>.restaurantSchema.statics.restaurantExists
FNDA:0,Object.<anonymous>.restaurantSchema.statics.createRestaurant
FNDA:0,Object.<anonymous>.restaurantSchema.statics.findByEmailOrPhone
FNDA:0,Object.<anonymous>.restaurantSchema.methods.isPasswordMatch
FNDA:0,Object.<anonymous>.restaurantSchema.methods.updateRating
DA:1,1
DA:2,1
DA:3,1
DA:4,1
DA:5,1
DA:6,1
DA:7,1
DA:8,1
DA:9,1
DA:10,1
DA:11,1
DA:12,1
DA:13,1
DA:14,1
DA:15,1
DA:16,1
DA:17,1
DA:18,1
DA:19,1
DA:20,1
DA:21,1
DA:22,1
DA:23,1
DA:24,1
DA:25,1
DA:26,1
DA:27,1
DA:28,1
DA:29,1
DA:30,1
DA:31,1
DA:32,1
DA:33,1
DA:34,1
DA:35,1
DA:36,1
DA:37,1
DA:38,1
DA:39,1
DA:40,1
DA:41,1
DA:42,1
DA:43,1
DA:44,1
DA:45,1
DA:46,1
DA:47,1
DA:48,1
DA:49,1
DA:50,1
DA:51,1
DA:52,0
DA:53,1
DA:54,1
DA:55,1
DA:56,1
DA:57,1
DA:58,1
DA:59,1
DA:60,1
DA:61,1
DA:62,1
DA:63,1
DA:64,1
DA:65,1
DA:66,1
DA:67,1
DA:68,1
DA:69,1
DA:70,1
DA:71,1
DA:72,1
DA:73,1
DA:74,1
DA:75,1
DA:76,1
DA:77,1
DA:78,1
DA:79,1
DA:80,1
DA:81,1
DA:82,1
DA:83,0
DA:84,0
DA:85,1
DA:86,1
DA:87,0
DA:88,0
DA:89,0
DA:90,0
DA:91,0
DA:92,0
DA:93,0
DA:94,0
DA:95,0
DA:96,1
DA:97,1
DA:98,1
DA:99,0
DA:100,0
DA:101,0
DA:102,0
DA:103,1
DA:104,1
DA:105,0
DA:106,0
DA:107,1
DA:108,1
DA:109,1
DA:110,1
DA:111,0
DA:112,0
DA:113,0
DA:114,0
DA:115,0
DA:116,0
DA:117,0
DA:118,0
DA:119,0
DA:120,0
DA:121,0
DA:122,0
DA:123,0
DA:124,1
DA:125,1
DA:126,1
LF:126
LH:95
BRF:0
BRH:0
end_of_record
TN:
SF:models\User.js
FN:43,Object.<anonymous>.userSchema.statics.userExists
FN:47,Object.<anonymous>.userSchema.statics.createUser
FN:59,Object.<anonymous>.userSchema.statics.findByEmail
FN:63,Object.<anonymous>.userSchema.statics.findByUsernameOrEmail
FN:67,Object.<anonymous>.userSchema.statics.findByIdSafe
FN:71,Object.<anonymous>.userSchema.methods.isPasswordMatch
FNF:6
FNH:0
FNDA:0,Object.<anonymous>.userSchema.statics.userExists
FNDA:0,Object.<anonymous>.userSchema.statics.createUser
FNDA:0,Object.<anonymous>.userSchema.statics.findByEmail
FNDA:0,Object.<anonymous>.userSchema.statics.findByUsernameOrEmail
FNDA:0,Object.<anonymous>.userSchema.statics.findByIdSafe
FNDA:0,Object.<anonymous>.userSchema.methods.isPasswordMatch
DA:1,1
DA:2,1
DA:3,1
DA:4,1
DA:5,1
DA:6,1
DA:7,1
DA:8,1
DA:9,1
DA:10,1
DA:11,1
DA:12,1
DA:13,1
DA:14,1
DA:15,1
DA:16,1
DA:17,1
DA:18,1
DA:19,1
DA:20,1
DA:21,1
DA:22,1
DA:23,1
DA:24,1
DA:25,1
DA:26,1
DA:27,1
DA:28,1
DA:29,1
DA:30,1
DA:31,1
DA:32,0
DA:33,0
DA:34,0
DA:35,0
DA:36,0
DA:37,0
DA:38,0
DA:39,0
DA:40,0
DA:41,1
DA:42,1
DA:43,1
DA:44,0
DA:45,0
DA:46,1
DA:47,1
DA:48,0
DA:49,0
DA:50,0
DA:51,0
DA:52,0
DA:53,0
DA:54,0
DA:55,0
DA:56,0
DA:57,1
DA:58,1
DA:59,1
DA:60,0
DA:61,0
DA:62,1
DA:63,1
DA:64,0
DA:65,0
DA:66,1
DA:67,1
DA:68,0
DA:69,0
DA:70,1
DA:71,1
DA:72,0
DA:73,0
DA:74,1
DA:75,1
DA:76,1
LF:76
LH:48
BRF:0
BRH:0
end_of_record
