TN:
SF:controllers\authController.js
FN:9,registerUser
FN:57,loginUser
FN:103,registerDriver
FN:149,loginDriver
FN:190,registerAdmin
FN:236,loginAdmin
FN:276,registerRestaurant
FN:325,loginRestaurant
FN:360,verifyToken
FN:364,forgotPassword
FN:407,resetPassword
FNF:11
FNH:9
FNDA:7,registerUser
FNDA:6,loginUser
FNDA:10,registerDriver
FNDA:8,loginDriver
FNDA:7,registerAdmin
FNDA:9,loginAdmin
FNDA:12,registerRestaurant
FNDA:9,loginRestaurant
FNDA:4,verifyToken
FNDA:0,forgotPassword
FNDA:0,resetPassword
DA:1,1
DA:2,1
DA:3,1
DA:4,1
DA:5,1
DA:6,1
DA:7,1
DA:8,1
DA:9,1
DA:10,7
DA:11,7
DA:12,7
DA:13,7
DA:14,3
DA:15,3
DA:16,3
DA:17,4
DA:18,7
DA:19,1
DA:20,1
DA:21,1
DA:22,3
DA:23,7
DA:24,1
DA:25,1
DA:26,1
DA:27,2
DA:28,2
DA:29,2
DA:30,7
DA:31,1
DA:32,1
DA:33,1
DA:34,1
DA:35,1
DA:36,1
DA:37,1
DA:38,1
DA:39,1
DA:40,1
DA:41,1
DA:42,1
DA:43,1
DA:44,1
DA:45,1
DA:46,1
DA:47,1
DA:48,1
DA:49,7
DA:50,0
DA:51,0
DA:52,0
DA:53,7
DA:54,1
DA:55,1
DA:56,1
DA:57,1
DA:58,6
DA:59,6
DA:60,6
DA:61,6
DA:62,3
DA:63,3
DA:64,3
DA:65,3
DA:66,3
DA:67,3
DA:68,3
DA:69,6
DA:70,1
DA:71,1
DA:72,1
DA:73,2
DA:74,2
DA:75,2
DA:76,6
DA:77,1
DA:78,1
DA:79,1
DA:80,1
DA:81,1
DA:82,1
DA:83,1
DA:84,1
DA:85,1
DA:86,1
DA:87,1
DA:88,1
DA:89,1
DA:90,1
DA:91,1
DA:92,1
DA:93,1
DA:94,1
DA:95,1
DA:96,6
DA:97,0
DA:98,0
DA:99,0
DA:100,6
DA:101,1
DA:102,1
DA:103,1
DA:104,10
DA:105,10
DA:106,10
DA:107,4
DA:108,4
DA:109,4
DA:110,6
DA:111,10
DA:112,1
DA:113,1
DA:114,1
DA:115,5
DA:116,10
DA:117,1
DA:118,1
DA:119,1
DA:120,4
DA:121,4
DA:122,4
DA:123,4
DA:124,10
DA:125,2
DA:126,2
DA:127,2
DA:128,2
DA:129,2
DA:130,2
DA:131,2
DA:132,2
DA:133,2
DA:134,2
DA:135,2
DA:136,2
DA:137,2
DA:138,2
DA:139,2
DA:140,2
DA:141,2
DA:142,10
DA:143,0
DA:144,0
DA:145,0
DA:146,10
DA:147,1
DA:148,1
DA:149,1
DA:150,8
DA:151,8
DA:152,8
DA:153,3
DA:154,3
DA:155,3
DA:156,5
DA:157,5
DA:158,8
DA:159,1
DA:160,1
DA:161,1
DA:162,4
DA:163,4
DA:164,8
DA:165,1
DA:166,1
DA:167,1
DA:168,3
DA:169,3
DA:170,8
DA:171,1
DA:172,1
DA:173,1
DA:174,2
DA:175,2
DA:176,2
DA:177,2
DA:178,2
DA:179,2
DA:180,2
DA:181,2
DA:182,2
DA:183,2
DA:184,8
DA:185,0
DA:186,0
DA:187,0
DA:188,8
DA:189,1
DA:190,1
DA:191,7
DA:192,7
DA:193,7
DA:194,3
DA:195,3
DA:196,3
DA:197,4
DA:198,7
DA:199,1
DA:200,1
DA:201,1
DA:202,3
DA:203,7
DA:204,1
DA:205,1
DA:206,1
DA:207,2
DA:208,2
DA:209,2
DA:210,7
DA:211,1
DA:212,1
DA:213,1
DA:214,1
DA:215,1
DA:216,1
DA:217,1
DA:218,1
DA:219,1
DA:220,1
DA:221,1
DA:222,1
DA:223,1
DA:224,1
DA:225,1
DA:226,1
DA:227,1
DA:228,1
DA:229,1
DA:230,7
DA:231,0
DA:232,0
DA:233,0
DA:234,7
DA:235,1
DA:236,1
DA:237,9
DA:238,9
DA:239,9
DA:240,3
DA:241,3
DA:242,3
DA:243,6
DA:244,6
DA:245,6
DA:246,9
DA:247,1
DA:248,1
DA:249,1
DA:250,4
DA:251,4
DA:252,9
DA:253,1
DA:254,1
DA:255,1
DA:256,3
DA:257,3
DA:258,3
DA:259,3
DA:260,3
DA:261,3
DA:262,3
DA:263,3
DA:264,3
DA:265,3
DA:266,3
DA:267,3
DA:268,3
DA:269,3
DA:270,9
DA:271,1
DA:272,1
DA:273,1
DA:274,9
DA:275,1
DA:276,1
DA:277,12
DA:278,12
DA:279,12
DA:280,12
DA:281,12
DA:282,12
DA:283,7
DA:284,7
DA:285,7
DA:286,5
DA:287,12
DA:288,1
DA:289,1
DA:290,1
DA:291,4
DA:292,12
DA:293,1
DA:294,1
DA:295,1
DA:296,3
DA:297,3
DA:298,3
DA:299,12
DA:300,1
DA:301,1
DA:302,1
DA:303,1
DA:304,1
DA:305,1
DA:306,1
DA:307,1
DA:308,1
DA:309,1
DA:310,1
DA:311,1
DA:312,1
DA:313,1
DA:314,1
DA:315,1
DA:316,1
DA:317,1
DA:318,1
DA:319,1
DA:320,1
DA:321,1
DA:322,12
DA:323,1
DA:324,1
DA:325,1
DA:326,9
DA:327,9
DA:328,9
DA:329,3
DA:330,3
DA:331,3
DA:332,6
DA:333,6
DA:334,6
DA:335,9
DA:336,1
DA:337,1
DA:338,1
DA:339,4
DA:340,4
DA:341,9
DA:342,1
DA:343,1
DA:344,1
DA:345,3
DA:346,3
DA:347,3
DA:348,3
DA:349,3
DA:350,3
DA:351,3
DA:352,3
DA:353,3
DA:354,9
DA:355,1
DA:356,1
DA:357,1
DA:358,9
DA:359,1
DA:360,1
DA:361,4
DA:362,4
DA:363,1
DA:364,1
DA:365,0
DA:366,0
DA:367,0
DA:368,0
DA:369,0
DA:370,0
DA:371,0
DA:372,0
DA:373,0
DA:374,0
DA:375,0
DA:376,0
DA:377,0
DA:378,0
DA:379,0
DA:380,0
DA:381,0
DA:382,0
DA:383,0
DA:384,0
DA:385,0
DA:386,0
DA:387,0
DA:388,0
DA:389,0
DA:390,0
DA:391,0
DA:392,0
DA:393,0
DA:394,0
DA:395,0
DA:396,0
DA:397,0
DA:398,0
DA:399,0
DA:400,0
DA:401,0
DA:402,0
DA:403,0
DA:404,0
DA:405,1
DA:406,1
DA:407,1
DA:408,0
DA:409,0
DA:410,0
DA:411,0
DA:412,0
DA:413,0
DA:414,0
DA:415,0
DA:416,0
DA:417,0
DA:418,0
DA:419,0
DA:420,0
DA:421,0
DA:422,0
DA:423,0
DA:424,0
DA:425,0
DA:426,0
DA:427,0
DA:428,0
DA:429,0
DA:430,0
DA:431,0
DA:432,1
DA:433,1
DA:434,1
DA:435,1
DA:436,1
DA:437,1
DA:438,1
DA:439,1
DA:440,1
DA:441,1
DA:442,1
DA:443,1
DA:444,1
DA:445,1
DA:446,1
LF:446
LH:367
BRDA:9,0,0,7
BRDA:13,1,0,6
BRDA:13,2,0,5
BRDA:13,3,0,3
BRDA:16,4,0,4
BRDA:18,5,0,1
BRDA:21,6,0,3
BRDA:23,7,0,1
BRDA:26,8,0,2
BRDA:30,9,0,1
BRDA:49,10,0,0
BRDA:57,11,0,6
BRDA:61,12,0,4
BRDA:61,13,0,3
BRDA:69,14,0,1
BRDA:72,15,0,2
BRDA:76,16,0,1
BRDA:96,17,0,0
BRDA:103,18,0,10
BRDA:106,19,0,9
BRDA:106,20,0,8
BRDA:106,21,0,7
BRDA:106,22,0,4
BRDA:109,23,0,6
BRDA:111,24,0,1
BRDA:114,25,0,5
BRDA:116,26,0,1
BRDA:119,27,0,4
BRDA:124,28,0,2
BRDA:142,29,0,0
BRDA:149,30,0,8
BRDA:152,31,0,6
BRDA:152,32,0,3
BRDA:155,33,0,5
BRDA:158,34,0,2
BRDA:158,35,0,1
BRDA:161,36,0,4
BRDA:164,37,0,1
BRDA:167,38,0,3
BRDA:170,39,0,1
BRDA:173,40,0,2
BRDA:184,41,0,0
BRDA:190,42,0,7
BRDA:193,43,0,6
BRDA:193,44,0,5
BRDA:193,45,0,3
BRDA:196,46,0,4
BRDA:198,47,0,1
BRDA:201,48,0,3
BRDA:203,49,0,1
BRDA:206,50,0,2
BRDA:210,51,0,1
BRDA:230,52,0,0
BRDA:236,53,0,9
BRDA:239,54,0,7
BRDA:239,55,0,3
BRDA:242,56,0,6
BRDA:245,57,0,5
BRDA:246,58,0,1
BRDA:249,59,0,4
BRDA:252,60,0,1
BRDA:255,61,0,3
BRDA:270,62,0,1
BRDA:276,63,0,12
BRDA:282,64,0,5
BRDA:282,65,0,5
BRDA:282,66,0,5
BRDA:282,67,0,5
BRDA:282,68,0,5
BRDA:282,69,0,5
BRDA:282,70,0,5
BRDA:282,71,0,7
BRDA:285,72,0,5
BRDA:287,73,0,1
BRDA:290,74,0,4
BRDA:292,75,0,1
BRDA:295,76,0,3
BRDA:298,77,0,2
BRDA:299,78,0,1
BRDA:325,79,0,9
BRDA:328,80,0,7
BRDA:328,81,0,3
BRDA:331,82,0,6
BRDA:334,83,0,5
BRDA:335,84,0,1
BRDA:338,85,0,4
BRDA:341,86,0,1
BRDA:344,87,0,3
BRDA:354,88,0,1
BRDA:360,89,0,4
BRF:90
BRH:85
end_of_record
TN:
SF:middleware\requireAuth.js
FN:4,requireAuth
FN:25,requireRole
FN:33,checkForBan
FN:68,generateToken
FNF:4
FNH:0
FNDA:0,requireAuth
FNDA:0,requireRole
FNDA:0,checkForBan
FNDA:0,generateToken
DA:1,1
DA:2,1
DA:3,1
DA:4,1
DA:5,0
DA:6,0
DA:7,0
DA:8,0
DA:9,0
DA:10,0
DA:11,0
DA:12,0
DA:13,0
DA:14,0
DA:15,0
DA:16,0
DA:17,0
DA:18,0
DA:19,0
DA:20,0
DA:21,0
DA:22,0
DA:23,0
DA:24,1
DA:25,1
DA:26,0
DA:27,0
DA:28,0
DA:29,0
DA:30,0
DA:31,0
DA:32,1
DA:33,1
DA:34,0
DA:35,0
DA:36,0
DA:37,0
DA:38,0
DA:39,0
DA:40,0
DA:41,0
DA:42,0
DA:43,0
DA:44,0
DA:45,0
DA:46,0
DA:47,0
DA:48,0
DA:49,0
DA:50,0
DA:51,0
DA:52,0
DA:53,0
DA:54,0
DA:55,0
DA:56,0
DA:57,0
DA:58,0
DA:59,0
DA:60,0
DA:61,0
DA:62,0
DA:63,0
DA:64,0
DA:65,0
DA:66,1
DA:67,1
DA:68,0
DA:69,0
DA:70,0
DA:71,0
DA:72,0
DA:73,0
DA:74,0
DA:75,0
DA:76,0
DA:77,0
DA:78,0
DA:79,1
DA:80,1
DA:81,1
DA:82,1
DA:83,1
DA:84,1
DA:85,1
LF:85
LH:17
BRF:0
BRH:0
end_of_record
TN:
SF:models\Admin.js
FN:27,Object.<anonymous>.AdminSchema.statics.AdminExists
FN:31,Object.<anonymous>.AdminSchema.statics.createAdmin
FN:42,Object.<anonymous>.AdminSchema.statics.findByEmail
FN:46,Object.<anonymous>.AdminSchema.statics.findByUsernameOrEmail
FN:50,Object.<anonymous>.AdminSchema.methods.isPasswordMatch
FNF:5
FNH:0
FNDA:0,Object.<anonymous>.AdminSchema.statics.AdminExists
FNDA:0,Object.<anonymous>.AdminSchema.statics.createAdmin
FNDA:0,Object.<anonymous>.AdminSchema.statics.findByEmail
FNDA:0,Object.<anonymous>.AdminSchema.statics.findByUsernameOrEmail
FNDA:0,Object.<anonymous>.AdminSchema.methods.isPasswordMatch
DA:1,1
DA:2,1
DA:3,1
DA:4,1
DA:5,1
DA:6,1
DA:7,1
DA:8,1
DA:9,1
DA:10,1
DA:11,1
DA:12,1
DA:13,1
DA:14,1
DA:15,1
DA:16,0
DA:17,0
DA:18,0
DA:19,0
DA:20,0
DA:21,0
DA:22,0
DA:23,0
DA:24,0
DA:25,1
DA:26,1
DA:27,1
DA:28,0
DA:29,0
DA:30,1
DA:31,1
DA:32,0
DA:33,0
DA:34,0
DA:35,0
DA:36,0
DA:37,0
DA:38,0
DA:39,0
DA:40,1
DA:41,1
DA:42,1
DA:43,0
DA:44,0
DA:45,1
DA:46,1
DA:47,0
DA:48,0
DA:49,1
DA:50,1
DA:51,0
DA:52,0
DA:53,1
DA:54,1
DA:55,1
LF:55
LH:30
BRF:0
BRH:0
end_of_record
TN:
SF:models\Driver.js
FN:29,Object.<anonymous>.DriverSchema.statics.driverExists
FN:36,Object.<anonymous>.DriverSchema.statics.createDriver
FN:46,Object.<anonymous>.DriverSchema.methods.isPasswordMatch
FN:51,Object.<anonymous>.DriverSchema.statics.findByEmailOrPhone
FNF:4
FNH:0
FNDA:0,Object.<anonymous>.DriverSchema.statics.driverExists
FNDA:0,Object.<anonymous>.DriverSchema.statics.createDriver
FNDA:0,Object.<anonymous>.DriverSchema.methods.isPasswordMatch
FNDA:0,Object.<anonymous>.DriverSchema.statics.findByEmailOrPhone
DA:1,1
DA:2,1
DA:3,1
DA:4,1
DA:5,1
DA:6,1
DA:7,1
DA:8,1
DA:9,1
DA:10,1
DA:11,1
DA:12,1
DA:13,1
DA:14,1
DA:15,1
DA:16,1
DA:17,1
DA:18,1
DA:19,1
DA:20,1
DA:21,1
DA:22,1
DA:23,1
DA:24,1
DA:25,1
DA:26,1
DA:27,1
DA:28,1
DA:29,1
DA:30,0
DA:31,0
DA:32,0
DA:33,0
DA:34,1
DA:35,1
DA:36,1
DA:37,0
DA:38,0
DA:39,0
DA:40,0
DA:41,0
DA:42,0
DA:43,0
DA:44,1
DA:45,1
DA:46,1
DA:47,0
DA:48,0
DA:49,1
DA:50,1
DA:51,1
DA:52,0
DA:53,0
DA:54,0
DA:55,0
DA:56,0
DA:57,0
DA:58,1
DA:59,1
DA:60,1
LF:60
LH:41
BRF:0
BRH:0
end_of_record
TN:
SF:models\Restaurant.js
FN:51,validator
FN:77,Object.<anonymous>.restaurantSchema.statics.restaurantExists
FN:81,Object.<anonymous>.restaurantSchema.statics.createRestaurant
FN:93,Object.<anonymous>.restaurantSchema.statics.findByEmailOrPhone
FN:99,Object.<anonymous>.restaurantSchema.methods.isPasswordMatch
FNF:5
FNH:0
FNDA:0,validator
FNDA:0,Object.<anonymous>.restaurantSchema.statics.restaurantExists
FNDA:0,Object.<anonymous>.restaurantSchema.statics.createRestaurant
FNDA:0,Object.<anonymous>.restaurantSchema.statics.findByEmailOrPhone
FNDA:0,Object.<anonymous>.restaurantSchema.methods.isPasswordMatch
DA:1,1
DA:2,1
DA:3,1
DA:4,1
DA:5,1
DA:6,1
DA:7,1
DA:8,1
DA:9,1
DA:10,1
DA:11,1
DA:12,1
DA:13,1
DA:14,1
DA:15,1
DA:16,1
DA:17,1
DA:18,1
DA:19,1
DA:20,1
DA:21,1
DA:22,1
DA:23,1
DA:24,1
DA:25,1
DA:26,1
DA:27,1
DA:28,1
DA:29,1
DA:30,1
DA:31,1
DA:32,1
DA:33,1
DA:34,1
DA:35,1
DA:36,1
DA:37,1
DA:38,1
DA:39,1
DA:40,1
DA:41,1
DA:42,1
DA:43,1
DA:44,1
DA:45,1
DA:46,1
DA:47,1
DA:48,1
DA:49,1
DA:50,1
DA:51,1
DA:52,0
DA:53,1
DA:54,1
DA:55,1
DA:56,1
DA:57,1
DA:58,1
DA:59,1
DA:60,1
DA:61,1
DA:62,1
DA:63,1
DA:64,1
DA:65,1
DA:66,1
DA:67,1
DA:68,1
DA:69,1
DA:70,1
DA:71,1
DA:72,1
DA:73,1
DA:74,1
DA:75,1
DA:76,1
DA:77,1
DA:78,0
DA:79,0
DA:80,1
DA:81,1
DA:82,0
DA:83,0
DA:84,0
DA:85,0
DA:86,0
DA:87,0
DA:88,0
DA:89,0
DA:90,0
DA:91,1
DA:92,1
DA:93,1
DA:94,0
DA:95,0
DA:96,0
DA:97,0
DA:98,1
DA:99,1
DA:100,0
DA:101,0
DA:102,1
DA:103,1
DA:104,1
LF:104
LH:86
BRF:0
BRH:0
end_of_record
TN:
SF:models\User.js
FN:43,Object.<anonymous>.userSchema.statics.userExists
FN:47,Object.<anonymous>.userSchema.statics.createUser
FN:59,Object.<anonymous>.userSchema.statics.findByEmail
FN:63,Object.<anonymous>.userSchema.statics.findByUsernameOrEmail
FN:67,Object.<anonymous>.userSchema.statics.findByIdSafe
FN:71,Object.<anonymous>.userSchema.methods.isPasswordMatch
FNF:6
FNH:0
FNDA:0,Object.<anonymous>.userSchema.statics.userExists
FNDA:0,Object.<anonymous>.userSchema.statics.createUser
FNDA:0,Object.<anonymous>.userSchema.statics.findByEmail
FNDA:0,Object.<anonymous>.userSchema.statics.findByUsernameOrEmail
FNDA:0,Object.<anonymous>.userSchema.statics.findByIdSafe
FNDA:0,Object.<anonymous>.userSchema.methods.isPasswordMatch
DA:1,1
DA:2,1
DA:3,1
DA:4,1
DA:5,1
DA:6,1
DA:7,1
DA:8,1
DA:9,1
DA:10,1
DA:11,1
DA:12,1
DA:13,1
DA:14,1
DA:15,1
DA:16,1
DA:17,1
DA:18,1
DA:19,1
DA:20,1
DA:21,1
DA:22,1
DA:23,1
DA:24,1
DA:25,1
DA:26,1
DA:27,1
DA:28,1
DA:29,1
DA:30,1
DA:31,1
DA:32,0
DA:33,0
DA:34,0
DA:35,0
DA:36,0
DA:37,0
DA:38,0
DA:39,0
DA:40,0
DA:41,1
DA:42,1
DA:43,1
DA:44,0
DA:45,0
DA:46,1
DA:47,1
DA:48,0
DA:49,0
DA:50,0
DA:51,0
DA:52,0
DA:53,0
DA:54,0
DA:55,0
DA:56,0
DA:57,1
DA:58,1
DA:59,1
DA:60,0
DA:61,0
DA:62,1
DA:63,1
DA:64,0
DA:65,0
DA:66,1
DA:67,1
DA:68,0
DA:69,0
DA:70,1
DA:71,1
DA:72,0
DA:73,0
DA:74,1
DA:75,1
DA:76,1
LF:76
LH:48
BRF:0
BRH:0
end_of_record
